<?xml version="1.0" encoding="UTF-8"?>
<testng-results ignored="0" total="15" passed="14" failed="1" skipped="0">
  <reporter-output>
  </reporter-output>
  <suite started-at="2022-01-21T09:49:07Z" name="BDDTestSuite" finished-at="2022-01-21T09:53:26Z" duration-ms="258485">
    <groups>
      <group name="cucumber">
        <method signature="AbstractTestNGCucumberTests.runScenario(io.cucumber.testng.PickleWrapper, io.cucumber.testng.FeatureWrapper)[pri:0, instance:runner.testRunner@7e5c856f]" name="runScenario" class="io.cucumber.testng.AbstractTestNGCucumberTests"/>
      </group> <!-- cucumber -->
    </groups>
    <test started-at="2022-01-21T09:49:07Z" name="modelTest" finished-at="2022-01-21T09:53:26Z" duration-ms="258485">
      <class name="runner.testRunner">
        <test-method is-config="true" signature="setUpClass()[pri:0, instance:runner.testRunner@7e5c856f]" started-at="2022-01-21T09:49:07Z" name="setUpClass" finished-at="2022-01-21T09:49:08Z" duration-ms="561" status="PASS">
          <reporter-output>
          </reporter-output>
        </test-method> <!-- setUpClass -->
        <test-method signature="runScenario(io.cucumber.testng.PickleWrapper, io.cucumber.testng.FeatureWrapper)[pri:0, instance:runner.testRunner@7e5c856f]" started-at="2022-01-21T09:49:08Z" name="runScenario" description="Runs Cucumber Scenarios" data-provider="scenarios" finished-at="2022-01-21T09:49:19Z" duration-ms="10924" status="PASS">
          <params>
            <param index="0">
              <value>
                <![CDATA["Getting the title and verifying as expected"]]>
              </value>
            </param>
            <param index="1">
              <value>
                <![CDATA["Optional[Homepage]"]]>
              </value>
            </param>
          </params>
          <reporter-output>
          </reporter-output>
        </test-method> <!-- runScenario -->
        <test-method signature="runScenario(io.cucumber.testng.PickleWrapper, io.cucumber.testng.FeatureWrapper)[pri:0, instance:runner.testRunner@7e5c856f]" started-at="2022-01-21T09:49:19Z" name="runScenario" description="Runs Cucumber Scenarios" data-provider="scenarios" finished-at="2022-01-21T09:49:27Z" duration-ms="8340" status="PASS">
          <params>
            <param index="0">
              <value>
                <![CDATA["Verifying whether On-Demand Cabs element is present on the page"]]>
              </value>
            </param>
            <param index="1">
              <value>
                <![CDATA["Optional[Homepage]"]]>
              </value>
            </param>
          </params>
          <reporter-output>
          </reporter-output>
        </test-method> <!-- runScenario -->
        <test-method signature="runScenario(io.cucumber.testng.PickleWrapper, io.cucumber.testng.FeatureWrapper)[pri:0, instance:runner.testRunner@7e5c856f]" started-at="2022-01-21T09:49:27Z" name="runScenario" description="Runs Cucumber Scenarios" data-provider="scenarios" finished-at="2022-01-21T09:49:46Z" duration-ms="18552" status="PASS">
          <params>
            <param index="0">
              <value>
                <![CDATA["Agent Login with details"]]>
              </value>
            </param>
            <param index="1">
              <value>
                <![CDATA["Optional[LoginPage]"]]>
              </value>
            </param>
          </params>
          <reporter-output>
          </reporter-output>
        </test-method> <!-- runScenario -->
        <test-method signature="runScenario(io.cucumber.testng.PickleWrapper, io.cucumber.testng.FeatureWrapper)[pri:0, instance:runner.testRunner@7e5c856f]" started-at="2022-01-21T09:49:46Z" name="runScenario" description="Runs Cucumber Scenarios" data-provider="scenarios" finished-at="2022-01-21T09:50:04Z" duration-ms="18451" status="PASS">
          <params>
            <param index="0">
              <value>
                <![CDATA["Customer Login with details"]]>
              </value>
            </param>
            <param index="1">
              <value>
                <![CDATA["Optional[LoginPage]"]]>
              </value>
            </param>
          </params>
          <reporter-output>
          </reporter-output>
        </test-method> <!-- runScenario -->
        <test-method signature="runScenario(io.cucumber.testng.PickleWrapper, io.cucumber.testng.FeatureWrapper)[pri:0, instance:runner.testRunner@7e5c856f]" started-at="2022-01-21T09:50:04Z" name="runScenario" description="Runs Cucumber Scenarios" data-provider="scenarios" finished-at="2022-01-21T09:50:19Z" duration-ms="14226" status="PASS">
          <params>
            <param index="0">
              <value>
                <![CDATA["Forgot password with details"]]>
              </value>
            </param>
            <param index="1">
              <value>
                <![CDATA["Optional[LoginPage]"]]>
              </value>
            </param>
          </params>
          <reporter-output>
          </reporter-output>
        </test-method> <!-- runScenario -->
        <test-method signature="runScenario(io.cucumber.testng.PickleWrapper, io.cucumber.testng.FeatureWrapper)[pri:0, instance:runner.testRunner@7e5c856f]" started-at="2022-01-21T09:50:19Z" name="runScenario" description="Runs Cucumber Scenarios" data-provider="scenarios" finished-at="2022-01-21T09:50:35Z" duration-ms="16669" status="PASS">
          <params>
            <param index="0">
              <value>
                <![CDATA["One Way Booking"]]>
              </value>
            </param>
            <param index="1">
              <value>
                <![CDATA["Optional[Select Car page]"]]>
              </value>
            </param>
          </params>
          <reporter-output>
          </reporter-output>
        </test-method> <!-- runScenario -->
        <test-method signature="runScenario(io.cucumber.testng.PickleWrapper, io.cucumber.testng.FeatureWrapper)[pri:0, instance:runner.testRunner@7e5c856f]" started-at="2022-01-21T09:50:35Z" name="runScenario" description="Runs Cucumber Scenarios" data-provider="scenarios" finished-at="2022-01-21T09:50:54Z" duration-ms="18512" status="PASS">
          <params>
            <param index="0">
              <value>
                <![CDATA["Round Trip Booking"]]>
              </value>
            </param>
            <param index="1">
              <value>
                <![CDATA["Optional[Select Car page]"]]>
              </value>
            </param>
          </params>
          <reporter-output>
          </reporter-output>
        </test-method> <!-- runScenario -->
        <test-method signature="runScenario(io.cucumber.testng.PickleWrapper, io.cucumber.testng.FeatureWrapper)[pri:0, instance:runner.testRunner@7e5c856f]" started-at="2022-01-21T09:50:54Z" name="runScenario" description="Runs Cucumber Scenarios" data-provider="scenarios" finished-at="2022-01-21T09:51:08Z" duration-ms="14279" status="FAIL">
          <params>
            <param index="0">
              <value>
                <![CDATA["Local Trip Booking"]]>
              </value>
            </param>
            <param index="1">
              <value>
                <![CDATA["Optional[Select Car page]"]]>
              </value>
            </param>
          </params>
          <exception class="java.lang.AssertionError">
            <message>
              <![CDATA[expected [true] but found [false]]]>
            </message>
            <full-stacktrace>
              <![CDATA[java.lang.AssertionError: expected [true] but found [false]
at org.testng.Assert.fail(Assert.java:96)
at org.testng.Assert.failNotEquals(Assert.java:776)
at org.testng.Assert.assertTrue(Assert.java:44)
at org.testng.Assert.assertTrue(Assert.java:54)
at uiRepositories.selectCarPageUI.localBooking(selectCarPageUI.java:243)
at stepDefinations.StepDefination_03Selectcar.localTripBooking(StepDefination_03Selectcar.java:48)
at ✽.User validates the car price for local trip booking(file:///C:/Users/91700/OneDrive/Desktop/Final%20Comprehensive%20Assessment/ComprehensiveBDD/SavaariBDD/src/test/java/features/003_SearchCarpage.feature:14)
]]>
            </full-stacktrace>
          </exception> <!-- java.lang.AssertionError -->
          <reporter-output>
          </reporter-output>
        </test-method> <!-- runScenario -->
        <test-method signature="runScenario(io.cucumber.testng.PickleWrapper, io.cucumber.testng.FeatureWrapper)[pri:0, instance:runner.testRunner@7e5c856f]" started-at="2022-01-21T09:51:08Z" name="runScenario" description="Runs Cucumber Scenarios" data-provider="scenarios" finished-at="2022-01-21T09:51:35Z" duration-ms="27050" status="PASS">
          <params>
            <param index="0">
              <value>
                <![CDATA["Cab from the airport"]]>
              </value>
            </param>
            <param index="1">
              <value>
                <![CDATA["Optional[Select Car page]"]]>
              </value>
            </param>
          </params>
          <reporter-output>
          </reporter-output>
        </test-method> <!-- runScenario -->
        <test-method signature="runScenario(io.cucumber.testng.PickleWrapper, io.cucumber.testng.FeatureWrapper)[pri:0, instance:runner.testRunner@7e5c856f]" started-at="2022-01-21T09:51:35Z" name="runScenario" description="Runs Cucumber Scenarios" data-provider="scenarios" finished-at="2022-01-21T09:51:59Z" duration-ms="23925" status="PASS">
          <params>
            <param index="0">
              <value>
                <![CDATA["Cab to the airport"]]>
              </value>
            </param>
            <param index="1">
              <value>
                <![CDATA["Optional[Select Car page]"]]>
              </value>
            </param>
          </params>
          <reporter-output>
          </reporter-output>
        </test-method> <!-- runScenario -->
        <test-method signature="runScenario(io.cucumber.testng.PickleWrapper, io.cucumber.testng.FeatureWrapper)[pri:0, instance:runner.testRunner@7e5c856f]" started-at="2022-01-21T09:51:59Z" name="runScenario" description="Runs Cucumber Scenarios" data-provider="scenarios" finished-at="2022-01-21T09:52:19Z" duration-ms="19986" status="PASS">
          <params>
            <param index="0">
              <value>
                <![CDATA["Contact Us"]]>
              </value>
            </param>
            <param index="1">
              <value>
                <![CDATA["Optional[Footer page]"]]>
              </value>
            </param>
          </params>
          <reporter-output>
          </reporter-output>
        </test-method> <!-- runScenario -->
        <test-method signature="runScenario(io.cucumber.testng.PickleWrapper, io.cucumber.testng.FeatureWrapper)[pri:0, instance:runner.testRunner@7e5c856f]" started-at="2022-01-21T09:52:19Z" name="runScenario" description="Runs Cucumber Scenarios" data-provider="scenarios" finished-at="2022-01-21T09:52:35Z" duration-ms="16422" status="PASS">
          <params>
            <param index="0">
              <value>
                <![CDATA["Blogger Social link"]]>
              </value>
            </param>
            <param index="1">
              <value>
                <![CDATA["Optional[Footer page]"]]>
              </value>
            </param>
          </params>
          <reporter-output>
          </reporter-output>
        </test-method> <!-- runScenario -->
        <test-method signature="runScenario(io.cucumber.testng.PickleWrapper, io.cucumber.testng.FeatureWrapper)[pri:0, instance:runner.testRunner@7e5c856f]" started-at="2022-01-21T09:52:35Z" name="runScenario" description="Runs Cucumber Scenarios" data-provider="scenarios" finished-at="2022-01-21T09:52:53Z" duration-ms="17941" status="PASS">
          <params>
            <param index="0">
              <value>
                <![CDATA["About Us"]]>
              </value>
            </param>
            <param index="1">
              <value>
                <![CDATA["Optional[Footer page]"]]>
              </value>
            </param>
          </params>
          <reporter-output>
          </reporter-output>
        </test-method> <!-- runScenario -->
        <test-method signature="runScenario(io.cucumber.testng.PickleWrapper, io.cucumber.testng.FeatureWrapper)[pri:0, instance:runner.testRunner@7e5c856f]" started-at="2022-01-21T09:52:53Z" name="runScenario" description="Runs Cucumber Scenarios" data-provider="scenarios" finished-at="2022-01-21T09:53:09Z" duration-ms="15706" status="PASS">
          <params>
            <param index="0">
              <value>
                <![CDATA["Sitemap cab type"]]>
              </value>
            </param>
            <param index="1">
              <value>
                <![CDATA["Optional[Footer page]"]]>
              </value>
            </param>
          </params>
          <reporter-output>
          </reporter-output>
        </test-method> <!-- runScenario -->
        <test-method signature="runScenario(io.cucumber.testng.PickleWrapper, io.cucumber.testng.FeatureWrapper)[pri:0, instance:runner.testRunner@7e5c856f]" started-at="2022-01-21T09:53:09Z" name="runScenario" description="Runs Cucumber Scenarios" data-provider="scenarios" finished-at="2022-01-21T09:53:26Z" duration-ms="16624" status="PASS">
          <params>
            <param index="0">
              <value>
                <![CDATA["Car rental cities"]]>
              </value>
            </param>
            <param index="1">
              <value>
                <![CDATA["Optional[Footer page]"]]>
              </value>
            </param>
          </params>
          <reporter-output>
          </reporter-output>
        </test-method> <!-- runScenario -->
        <test-method is-config="true" signature="tearDownClass()[pri:0, instance:runner.testRunner@7e5c856f]" started-at="2022-01-21T09:53:26Z" name="tearDownClass" finished-at="2022-01-21T09:53:26Z" duration-ms="294" status="PASS">
          <reporter-output>
          </reporter-output>
        </test-method> <!-- tearDownClass -->
      </class> <!-- runner.testRunner -->
    </test> <!-- modelTest -->
  </suite> <!-- BDDTestSuite -->
</testng-results>
